<?xml version="1.0" encoding="UTF-8" ?>
<testsuite tests="8" failures="0" name="com.sg.superherosightings.dao.SuperheroSightingsDaoTest" time="2.008" errors="0" skipped="0">
  <properties>
[...]
</properties>
  <testcase classname="com.sg.superherosightings.dao.SuperheroSightingsDaoTest" name="testDeleteLocation" time="1.069"/>
  <testcase classname="com.sg.superherosightings.dao.SuperheroSightingsDaoTest" name="testAddGetLocation" time="0.165"/>
  <testcase classname="com.sg.superherosightings.dao.SuperheroSightingsDaoTest" name="testGetAllSuperpowers" time="0.185"/>
  <testcase classname="com.sg.superherosightings.dao.SuperheroSightingsDaoTest" name="testDeleteSuperpower" time="0.131"/>
  <testcase classname="com.sg.superherosightings.dao.SuperheroSightingsDaoTest" name="testUpdateSuperpower" time="0.113"/>
  <testcase classname="com.sg.superherosightings.dao.SuperheroSightingsDaoTest" name="testAddGetSuperpower" time="0.115"/>
  <testcase classname="com.sg.superherosightings.dao.SuperheroSightingsDaoTest" name="testGetAllLocations" time="0.109"/>
  <testcase classname="com.sg.superherosightings.dao.SuperheroSightingsDaoTest" name="testUpdateLocation" time="0.121"/>
</testsuite>